<?xml version="1.0" encoding="UTF-8"?>
<!-- Generated by org.testng.reporters.JUnitReportReporter -->
<testsuite skipped="0" hostname="Vandy" name="com.Guru.testCases.TC_LoginGuru" tests="1" failures="0" timestamp="10 Jun 2020 22:36:24 GMT" time="1.722" errors="0">
  <testcase name="loginTestGuru" time="1.722" classname="com.Guru.testCases.TC_LoginGuru"/>
</testsuite> <!-- com.Guru.testCases.TC_LoginGuru -->
