<?xml version="1.0" encoding="UTF-8"?>
<!-- Generated by org.testng.reporters.JUnitReportReporter -->
<testsuite skipped="0" hostname="Vandy" name="com.Guru.testCases.TC_LoginGuru" tests="1" failures="0" timestamp="17 Jun 2020 20:09:42 GMT" time="2.087" errors="0">
  <testcase name="loginTestGuru" time="2.087" classname="com.Guru.testCases.TC_LoginGuru"/>
</testsuite> <!-- com.Guru.testCases.TC_LoginGuru -->
