<?xml version="1.0" encoding="UTF-8"?>
<!-- Generated by org.testng.reporters.JUnitReportReporter -->
<testsuite skipped="1" hostname="Vandy" name="com.Guru.testCases.TC_LoginGuruDDT" tests="1" failures="0" timestamp="17 Jun 2020 22:28:49 GMT" time="0.000" errors="0">
  <testcase name="loginDDT" time="0.000" classname="com.Guru.testCases.TC_LoginGuruDDT">
    <skipped/>
  </testcase> <!-- loginDDT -->
</testsuite> <!-- com.Guru.testCases.TC_LoginGuruDDT -->
