<?xml version="1.0" encoding="UTF-8"?>
<!-- Generated by org.testng.reporters.JUnitReportReporter -->
<testsuite skipped="0" hostname="Vandy" name="com.Guru.testCases.TC_AddNewCustomer" tests="1" failures="0" timestamp="19 Jun 2020 20:31:34 GMT" time="16.318" errors="0">
  <testcase name="addNewCustomer" time="16.318" classname="com.Guru.testCases.TC_AddNewCustomer"/>
</testsuite> <!-- com.Guru.testCases.TC_AddNewCustomer -->
