<?xml version="1.0" encoding="UTF-8"?>
<!-- Generated by org.testng.reporters.JUnitReportReporter -->
<testsuite skipped="0" hostname="Vandy" name="com.Guru.testCases.TC_LoginGuru" tests="1" failures="0" timestamp="07 Jun 2020 00:35:26 GMT" time="5.049" errors="0">
  <testcase name="loginTestGuru" time="5.049" classname="com.Guru.testCases.TC_LoginGuru"/>
</testsuite> <!-- com.Guru.testCases.TC_LoginGuru -->
