<?xml version="1.0" encoding="UTF-8"?>
<!-- Generated by org.testng.reporters.JUnitReportReporter -->
<testsuite skipped="0" hostname="Vandy" name="com.Guru.testCases.TC_ReadExcelData" tests="1" failures="0" timestamp="22 Jun 2020 22:33:52 GMT" time="0.431" errors="0">
  <testcase name="readExcel" time="0.431" classname="com.Guru.testCases.TC_ReadExcelData"/>
</testsuite> <!-- com.Guru.testCases.TC_ReadExcelData -->
