<?xml version="1.0" encoding="UTF-8"?>
<!-- Generated by org.testng.reporters.JUnitReportReporter -->
<testsuite skipped="0" hostname="Vandy" name="com.Guru.testCases.TC_Login" tests="1" failures="0" timestamp="20 Jun 2020 13:13:48 GMT" time="5.703" errors="0">
  <testcase name="loginTestGuru" time="5.703" classname="com.Guru.testCases.TC_Login"/>
</testsuite> <!-- com.Guru.testCases.TC_Login -->
