<?xml version="1.0" encoding="UTF-8"?>
<!-- Generated by org.testng.reporters.JUnitReportReporter -->
<testsuite skipped="1" hostname="Vandy" name="com.Guru.testCases.TC_LoginDDT" tests="1" failures="0" timestamp="21 Jun 2020 20:46:41 GMT" time="0.000" errors="0">
  <testcase name="loginDDT" time="0.000" classname="com.Guru.testCases.TC_LoginDDT">
    <skipped/>
  </testcase> <!-- loginDDT -->
</testsuite> <!-- com.Guru.testCases.TC_LoginDDT -->
