<?xml version="1.0" encoding="UTF-8"?>
<!-- Generated by org.testng.reporters.JUnitReportReporter -->
<testsuite skipped="0" hostname="Vandy" name="com.Guru.testCases.TC_Login" tests="1" failures="0" timestamp="19 Jun 2020 01:32:49 GMT" time="2.086" errors="0">
  <testcase name="loginTestGuru" time="2.086" classname="com.Guru.testCases.TC_Login"/>
</testsuite> <!-- com.Guru.testCases.TC_Login -->
