<?xml version="1.0" encoding="UTF-8"?>
<!-- Generated by org.testng.reporters.JUnitReportReporter -->
<testsuite skipped="0" hostname="Vandy" name="com.Guru99.testCases.TC_LoginGuru" tests="1" failures="0" timestamp="06 Jun 2020 22:16:48 GMT" time="5.807" errors="0">
  <testcase name="loginTestGuru" time="5.807" classname="com.Guru99.testCases.TC_LoginGuru"/>
</testsuite> <!-- com.Guru99.testCases.TC_LoginGuru -->
