<?xml version="1.0" encoding="UTF-8"?>
<!-- Generated by org.testng.reporters.JUnitReportReporter -->
<testsuite skipped="0" hostname="Vandy" name="com.Guru.testCases.TC_LoginGuru" tests="1" failures="0" timestamp="11 Jun 2020 00:20:14 GMT" time="2.006" errors="0">
  <testcase name="loginTestGuru" time="2.006" classname="com.Guru.testCases.TC_LoginGuru"/>
</testsuite> <!-- com.Guru.testCases.TC_LoginGuru -->
